0 info it worked if it ends with ok
1 verbose cli [ '/Users/garthdb/.nvm/v0.10.24/bin/node',
1 verbose cli   '/Users/garthdb/.nvm/v0.10.24/bin/npm',
1 verbose cli   'version',
1 verbose cli   'minor' ]
2 info using npm@1.3.21
3 info using node@v0.10.24
4 error Error: Git working directory not clean.
4 error M package.json
4 error     at /Users/garthdb/.nvm/v0.10.24/lib/node_modules/npm/lib/version.js:98:35
4 error     at ChildProcess.exithandler (child_process.js:635:7)
4 error     at ChildProcess.EventEmitter.emit (events.js:98:17)
4 error     at maybeClose (child_process.js:735:16)
4 error     at Socket.<anonymous> (child_process.js:948:11)
4 error     at Socket.EventEmitter.emit (events.js:95:17)
4 error     at Pipe.close (net.js:466:12)
5 error If you need help, you may report this *entire* log,
5 error including the npm and node versions, at:
5 error     <http://github.com/isaacs/npm/issues>
6 error System Darwin 13.1.0
7 error command "/Users/garthdb/.nvm/v0.10.24/bin/node" "/Users/garthdb/.nvm/v0.10.24/bin/npm" "version" "minor"
8 error cwd /Users/garthdb/Topcoat/themes/theme-desktop-light
9 error node -v v0.10.24
10 error npm -v 1.3.21
11 verbose exit [ 1, true ]
